2024-12-04 08:15:03,401 INFO [background-preinit] org.hibernate.validator.internal.util.Version: HV000001: Hibernate Validator 8.0.1.Final
2024-12-04 08:15:03,488 INFO [main] org.springframework.boot.StartupInfoLogger: Starting GreenShadowApplication using Java 21.0.5 with PID 6284 (C:\Users\Sasa_x\Documents\AAD-CW\GreenShadow\GreenShadow\target\classes started by Sasa_x in C:\Users\Sasa_x\Documents\AAD-CW\GreenShadow\GreenShadow)
2024-12-04 08:15:03,489 DEBUG [main] org.springframework.boot.StartupInfoLogger: Running with Spring Boot v3.4.0, Spring v6.2.0
2024-12-04 08:15:03,490 INFO [main] org.springframework.boot.SpringApplication: The following 1 profile is active: "dev"
2024-12-04 08:15:04,556 INFO [main] org.springframework.data.repository.config.RepositoryConfigurationDelegate: Bootstrapping Spring Data JPA repositories in DEFAULT mode.
2024-12-04 08:15:04,654 INFO [main] org.springframework.data.repository.config.RepositoryConfigurationDelegate: Finished Spring Data repository scanning in 85 ms. Found 9 JPA repository interfaces.
2024-12-04 08:15:05,304 INFO [main] org.springframework.boot.web.embedded.tomcat.TomcatWebServer: Tomcat initialized with port 8080 (http)
2024-12-04 08:15:05,320 INFO [main] org.apache.juli.logging.DirectJDKLog: Initializing ProtocolHandler ["http-nio-8080"]
2024-12-04 08:15:05,322 INFO [main] org.apache.juli.logging.DirectJDKLog: Starting service [Tomcat]
2024-12-04 08:15:05,322 INFO [main] org.apache.juli.logging.DirectJDKLog: Starting Servlet engine: [Apache Tomcat/10.1.33]
2024-12-04 08:15:05,384 INFO [main] org.apache.juli.logging.DirectJDKLog: Initializing Spring embedded WebApplicationContext
2024-12-04 08:15:05,384 INFO [main] org.springframework.boot.web.servlet.context.ServletWebServerApplicationContext: Root WebApplicationContext: initialization completed in 1843 ms
2024-12-04 08:15:05,580 INFO [main] org.hibernate.jpa.internal.util.LogHelper: HHH000204: Processing PersistenceUnitInfo [name: default]
2024-12-04 08:15:05,674 INFO [main] org.hibernate.Version: HHH000412: Hibernate ORM core version 6.6.2.Final
2024-12-04 08:15:05,723 INFO [main] org.hibernate.cache.internal.RegionFactoryInitiator: HHH000026: Second-level cache disabled
2024-12-04 08:15:06,103 INFO [main] org.springframework.orm.jpa.persistenceunit.SpringPersistenceUnitInfo: No LoadTimeWeaver setup: ignoring JPA class transformer
2024-12-04 08:15:06,145 INFO [main] com.zaxxer.hikari.HikariDataSource: HikariPool-1 - Starting...
2024-12-04 08:15:06,659 INFO [main] com.zaxxer.hikari.pool.HikariPool: HikariPool-1 - Added connection com.mysql.cj.jdbc.ConnectionImpl@e7e455d
2024-12-04 08:15:06,662 INFO [main] com.zaxxer.hikari.HikariDataSource: HikariPool-1 - Start completed.
2024-12-04 08:15:06,717 WARN [main] org.hibernate.engine.jdbc.dialect.internal.DialectFactoryImpl: HHH90000025: MySQL8Dialect does not need to be specified explicitly using 'hibernate.dialect' (remove the property setting and it will be selected by default)
2024-12-04 08:15:06,719 WARN [main] org.hibernate.engine.jdbc.dialect.internal.DialectFactoryImpl: HHH90000026: MySQL8Dialect has been deprecated; use org.hibernate.dialect.MySQLDialect instead
2024-12-04 08:15:06,738 INFO [main] org.hibernate.engine.jdbc.env.internal.JdbcEnvironmentInitiator: HHH10001005: Database info:
	Database JDBC URL [Connecting through datasource 'HikariDataSource (HikariPool-1)']
	Database driver: undefined/unknown
	Database version: 8.0
	Autocommit mode: undefined/unknown
	Isolation level: undefined/unknown
	Minimum pool size: undefined/unknown
	Maximum pool size: undefined/unknown
2024-12-04 08:15:08,110 INFO [main] org.hibernate.engine.transaction.jta.platform.internal.JtaPlatformInitiator: HHH000489: No JTA platform available (set 'hibernate.transaction.jta.platform' to enable JTA platform integration)
2024-12-04 08:15:08,234 INFO [main] org.springframework.orm.jpa.AbstractEntityManagerFactoryBean: Initialized JPA EntityManagerFactory for persistence unit 'default'
2024-12-04 08:15:08,620 DEBUG [main] org.springframework.web.filter.GenericFilterBean: Filter 'JWTFilter' configured for use
2024-12-04 08:15:08,685 INFO [main] org.springframework.data.jpa.repository.query.QueryEnhancerFactory: Hibernate is in classpath; If applicable, HQL parser will be used.
2024-12-04 08:15:09,381 INFO [main] org.springframework.security.config.annotation.authentication.configuration.InitializeAuthenticationProviderBeanManagerConfigurer$InitializeAuthenticationProviderManagerConfigurer: Global AuthenticationManager configured with AuthenticationProvider bean with name authenticationProvider
2024-12-04 08:15:09,383 WARN [main] org.springframework.security.config.annotation.authentication.configuration.InitializeUserDetailsBeanManagerConfigurer$InitializeUserDetailsManagerConfigurer: Global AuthenticationManager configured with an AuthenticationProvider bean. UserDetailsService beans will not be used by Spring Security for automatically configuring username/password login. Consider removing the AuthenticationProvider bean. Alternatively, consider using the UserDetailsService in a manually instantiated DaoAuthenticationProvider. If the current configuration is intentional, to turn off this warning, increase the logging level of 'org.springframework.security.config.annotation.authentication.configuration.InitializeUserDetailsBeanManagerConfigurer' to ERROR
2024-12-04 08:15:09,410 WARN [main] org.springframework.boot.autoconfigure.orm.jpa.JpaBaseConfiguration$JpaWebConfiguration: spring.jpa.open-in-view is enabled by default. Therefore, database queries may be performed during view rendering. Explicitly configure spring.jpa.open-in-view to disable this warning
2024-12-04 08:15:09,708 WARN [main] org.springframework.web.servlet.resource.ResourceHandlerUtils: Appended trailing slash to static resource location: file:C:\Users\Sasa_x\Documents\AAD-CW\ImgDB\
2024-12-04 08:15:10,049 INFO [main] org.apache.juli.logging.DirectJDKLog: Starting ProtocolHandler ["http-nio-8080"]
2024-12-04 08:15:10,068 INFO [main] org.springframework.boot.web.embedded.tomcat.TomcatWebServer: Tomcat started on port 8080 (http) with context path '/'
2024-12-04 08:15:10,076 INFO [main] org.springframework.boot.StartupInfoLogger: Started GreenShadowApplication in 7.096 seconds (process running for 8.363)
2024-12-04 08:15:42,100 INFO [http-nio-8080-exec-1] org.apache.juli.logging.DirectJDKLog: Initializing Spring DispatcherServlet 'dispatcherServlet'
2024-12-04 08:15:42,101 INFO [http-nio-8080-exec-1] org.springframework.web.servlet.FrameworkServlet: Initializing Servlet 'dispatcherServlet'
2024-12-04 08:15:42,104 INFO [http-nio-8080-exec-1] org.springframework.web.servlet.FrameworkServlet: Completed initialization in 3 ms
2024-12-04 08:15:42,417 INFO [http-nio-8080-exec-4] lk.sasax.GreenShadow.controller.UserController: signIn request received
2024-12-04 08:15:59,247 INFO [http-nio-8080-exec-10] lk.sasax.GreenShadow.controller.FieldController: Get all fields successfully
2024-12-04 08:15:59,247 INFO [http-nio-8080-exec-8] lk.sasax.GreenShadow.controller.VehicleController: getAlVehicles successfully
2024-12-04 08:15:59,247 INFO [http-nio-8080-exec-7] lk.sasax.GreenShadow.controller.StaffController: getAllStaffs successfully
2024-12-04 08:15:59,250 INFO [http-nio-8080-exec-9] lk.sasax.GreenShadow.controller.StaffController: getNextStaffCode successfully
2024-12-04 08:16:00,568 INFO [http-nio-8080-exec-3] lk.sasax.GreenShadow.controller.FieldController: Get all fields successfully
2024-12-04 08:16:00,582 INFO [http-nio-8080-exec-6] lk.sasax.GreenShadow.controller.CropController: Crop generated successfully
2024-12-04 08:16:00,592 INFO [http-nio-8080-exec-2] lk.sasax.GreenShadow.controller.CropController: Crops found successfully
2024-12-04 08:16:16,529 INFO [http-nio-8080-exec-5] lk.sasax.GreenShadow.controller.CropController: Crop saved successfully
2024-12-04 08:16:16,618 INFO [http-nio-8080-exec-9] lk.sasax.GreenShadow.controller.CropController: Crop generated successfully
2024-12-04 08:16:16,627 INFO [http-nio-8080-exec-10] lk.sasax.GreenShadow.controller.CropController: Crops found successfully
2024-12-04 08:18:17,908 INFO [http-nio-8080-exec-10] lk.sasax.GreenShadow.controller.StaffController: getAllStaffs successfully
2024-12-04 08:18:17,959 INFO [http-nio-8080-exec-9] lk.sasax.GreenShadow.controller.FieldController: Get all fields successfully
2024-12-04 08:18:17,995 INFO [http-nio-8080-exec-1] lk.sasax.GreenShadow.controller.MonitorLogController: MonitorLog generate code successfully.
2024-12-04 08:18:18,002 INFO [http-nio-8080-exec-5] lk.sasax.GreenShadow.controller.CropController: Crops found successfully
2024-12-04 08:18:18,046 INFO [http-nio-8080-exec-6] lk.sasax.GreenShadow.controller.FieldController: Get all fields successfully
2024-12-04 08:18:18,070 INFO [http-nio-8080-exec-8] lk.sasax.GreenShadow.controller.MonitorLogController: Get all monitoring logs successfully.
2024-12-04 08:19:16,737 INFO [http-nio-8080-exec-6] lk.sasax.GreenShadow.controller.MonitorLogController: MonitorLog generate code successfully.
2024-12-04 08:19:16,747 INFO [http-nio-8080-exec-1] lk.sasax.GreenShadow.controller.FieldController: Get all fields successfully
2024-12-04 08:19:16,748 INFO [http-nio-8080-exec-2] lk.sasax.GreenShadow.controller.StaffController: getAllStaffs successfully
2024-12-04 08:19:16,786 INFO [http-nio-8080-exec-9] lk.sasax.GreenShadow.controller.CropController: Crops found successfully
2024-12-04 08:19:16,815 INFO [http-nio-8080-exec-4] lk.sasax.GreenShadow.controller.MonitorLogController: Get all monitoring logs successfully.
2024-12-04 08:19:16,822 INFO [http-nio-8080-exec-5] lk.sasax.GreenShadow.controller.MonitorLogController: Get all monitoring logs successfully.
2024-12-04 08:32:12,317 INFO [SpringApplicationShutdownHook] org.springframework.boot.web.embedded.tomcat.GracefulShutdown: Commencing graceful shutdown. Waiting for active requests to complete
2024-12-04 08:32:12,331 INFO [tomcat-shutdown] org.springframework.boot.web.embedded.tomcat.GracefulShutdown: Graceful shutdown complete
2024-12-04 08:32:12,341 INFO [SpringApplicationShutdownHook] org.springframework.orm.jpa.AbstractEntityManagerFactoryBean: Closing JPA EntityManagerFactory for persistence unit 'default'
2024-12-04 08:32:12,345 INFO [SpringApplicationShutdownHook] com.zaxxer.hikari.HikariDataSource: HikariPool-1 - Shutdown initiated...
2024-12-04 08:32:12,360 INFO [SpringApplicationShutdownHook] com.zaxxer.hikari.HikariDataSource: HikariPool-1 - Shutdown completed.
2024-12-04 08:32:18,888 INFO [background-preinit] org.hibernate.validator.internal.util.Version: HV000001: Hibernate Validator 8.0.1.Final
2024-12-04 08:32:18,972 INFO [main] org.springframework.boot.StartupInfoLogger: Starting GreenShadowApplication using Java 21.0.5 with PID 13412 (C:\Users\Sasa_x\Documents\AAD-CW\GreenShadow\GreenShadow\target\classes started by Sasa_x in C:\Users\Sasa_x\Documents\AAD-CW\GreenShadow\GreenShadow)
2024-12-04 08:32:18,973 DEBUG [main] org.springframework.boot.StartupInfoLogger: Running with Spring Boot v3.4.0, Spring v6.2.0
2024-12-04 08:32:18,973 INFO [main] org.springframework.boot.SpringApplication: The following 1 profile is active: "dev"
2024-12-04 08:32:20,069 INFO [main] org.springframework.data.repository.config.RepositoryConfigurationDelegate: Bootstrapping Spring Data JPA repositories in DEFAULT mode.
2024-12-04 08:32:20,168 INFO [main] org.springframework.data.repository.config.RepositoryConfigurationDelegate: Finished Spring Data repository scanning in 88 ms. Found 9 JPA repository interfaces.
2024-12-04 08:32:20,806 INFO [main] org.springframework.boot.web.embedded.tomcat.TomcatWebServer: Tomcat initialized with port 8080 (http)
2024-12-04 08:32:20,818 INFO [main] org.apache.juli.logging.DirectJDKLog: Initializing ProtocolHandler ["http-nio-8080"]
2024-12-04 08:32:20,821 INFO [main] org.apache.juli.logging.DirectJDKLog: Starting service [Tomcat]
2024-12-04 08:32:20,821 INFO [main] org.apache.juli.logging.DirectJDKLog: Starting Servlet engine: [Apache Tomcat/10.1.33]
2024-12-04 08:32:20,881 INFO [main] org.apache.juli.logging.DirectJDKLog: Initializing Spring embedded WebApplicationContext
2024-12-04 08:32:20,882 INFO [main] org.springframework.boot.web.servlet.context.ServletWebServerApplicationContext: Root WebApplicationContext: initialization completed in 1845 ms
2024-12-04 08:32:21,049 INFO [main] org.hibernate.jpa.internal.util.LogHelper: HHH000204: Processing PersistenceUnitInfo [name: default]
2024-12-04 08:32:21,146 INFO [main] org.hibernate.Version: HHH000412: Hibernate ORM core version 6.6.2.Final
2024-12-04 08:32:21,182 INFO [main] org.hibernate.cache.internal.RegionFactoryInitiator: HHH000026: Second-level cache disabled
2024-12-04 08:32:21,489 INFO [main] org.springframework.orm.jpa.persistenceunit.SpringPersistenceUnitInfo: No LoadTimeWeaver setup: ignoring JPA class transformer
2024-12-04 08:32:21,523 INFO [main] com.zaxxer.hikari.HikariDataSource: HikariPool-1 - Starting...
2024-12-04 08:32:21,895 INFO [main] com.zaxxer.hikari.pool.HikariPool: HikariPool-1 - Added connection com.mysql.cj.jdbc.ConnectionImpl@37cf91d8
2024-12-04 08:32:21,898 INFO [main] com.zaxxer.hikari.HikariDataSource: HikariPool-1 - Start completed.
2024-12-04 08:32:21,945 WARN [main] org.hibernate.engine.jdbc.dialect.internal.DialectFactoryImpl: HHH90000025: MySQL8Dialect does not need to be specified explicitly using 'hibernate.dialect' (remove the property setting and it will be selected by default)
2024-12-04 08:32:21,948 WARN [main] org.hibernate.engine.jdbc.dialect.internal.DialectFactoryImpl: HHH90000026: MySQL8Dialect has been deprecated; use org.hibernate.dialect.MySQLDialect instead
2024-12-04 08:32:21,967 INFO [main] org.hibernate.engine.jdbc.env.internal.JdbcEnvironmentInitiator: HHH10001005: Database info:
	Database JDBC URL [Connecting through datasource 'HikariDataSource (HikariPool-1)']
	Database driver: undefined/unknown
	Database version: 8.0
	Autocommit mode: undefined/unknown
	Isolation level: undefined/unknown
	Minimum pool size: undefined/unknown
	Maximum pool size: undefined/unknown
2024-12-04 08:32:23,357 INFO [main] org.hibernate.engine.transaction.jta.platform.internal.JtaPlatformInitiator: HHH000489: No JTA platform available (set 'hibernate.transaction.jta.platform' to enable JTA platform integration)
2024-12-04 08:32:23,499 INFO [main] org.springframework.orm.jpa.AbstractEntityManagerFactoryBean: Initialized JPA EntityManagerFactory for persistence unit 'default'
2024-12-04 08:32:23,858 DEBUG [main] org.springframework.web.filter.GenericFilterBean: Filter 'JWTFilter' configured for use
2024-12-04 08:32:23,962 INFO [main] org.springframework.data.jpa.repository.query.QueryEnhancerFactory: Hibernate is in classpath; If applicable, HQL parser will be used.
2024-12-04 08:32:24,681 INFO [main] org.springframework.security.config.annotation.authentication.configuration.InitializeAuthenticationProviderBeanManagerConfigurer$InitializeAuthenticationProviderManagerConfigurer: Global AuthenticationManager configured with AuthenticationProvider bean with name authenticationProvider
2024-12-04 08:32:24,683 WARN [main] org.springframework.security.config.annotation.authentication.configuration.InitializeUserDetailsBeanManagerConfigurer$InitializeUserDetailsManagerConfigurer: Global AuthenticationManager configured with an AuthenticationProvider bean. UserDetailsService beans will not be used by Spring Security for automatically configuring username/password login. Consider removing the AuthenticationProvider bean. Alternatively, consider using the UserDetailsService in a manually instantiated DaoAuthenticationProvider. If the current configuration is intentional, to turn off this warning, increase the logging level of 'org.springframework.security.config.annotation.authentication.configuration.InitializeUserDetailsBeanManagerConfigurer' to ERROR
2024-12-04 08:32:24,714 WARN [main] org.springframework.boot.autoconfigure.orm.jpa.JpaBaseConfiguration$JpaWebConfiguration: spring.jpa.open-in-view is enabled by default. Therefore, database queries may be performed during view rendering. Explicitly configure spring.jpa.open-in-view to disable this warning
2024-12-04 08:32:25,116 WARN [main] org.springframework.web.servlet.resource.ResourceHandlerUtils: Appended trailing slash to static resource location: file:C:\Users\Sasa_x\Documents\AAD-CW\ImgDB\
2024-12-04 08:32:25,549 INFO [main] org.apache.juli.logging.DirectJDKLog: Starting ProtocolHandler ["http-nio-8080"]
2024-12-04 08:32:25,580 INFO [main] org.springframework.boot.web.embedded.tomcat.TomcatWebServer: Tomcat started on port 8080 (http) with context path '/'
2024-12-04 08:32:25,591 INFO [main] org.springframework.boot.StartupInfoLogger: Started GreenShadowApplication in 7.191 seconds (process running for 8.511)
2024-12-04 08:32:48,970 INFO [SpringApplicationShutdownHook] org.springframework.boot.web.embedded.tomcat.GracefulShutdown: Commencing graceful shutdown. Waiting for active requests to complete
2024-12-04 08:32:48,981 INFO [tomcat-shutdown] org.springframework.boot.web.embedded.tomcat.GracefulShutdown: Graceful shutdown complete
2024-12-04 08:32:48,991 INFO [SpringApplicationShutdownHook] org.springframework.orm.jpa.AbstractEntityManagerFactoryBean: Closing JPA EntityManagerFactory for persistence unit 'default'
2024-12-04 08:32:48,994 INFO [SpringApplicationShutdownHook] com.zaxxer.hikari.HikariDataSource: HikariPool-1 - Shutdown initiated...
2024-12-04 08:32:49,009 INFO [SpringApplicationShutdownHook] com.zaxxer.hikari.HikariDataSource: HikariPool-1 - Shutdown completed.
2024-12-04 08:32:55,388 INFO [background-preinit] org.hibernate.validator.internal.util.Version: HV000001: Hibernate Validator 8.0.1.Final
2024-12-04 08:32:55,463 INFO [main] org.springframework.boot.StartupInfoLogger: Starting GreenShadowApplication using Java 21.0.5 with PID 7880 (C:\Users\Sasa_x\Documents\AAD-CW\GreenShadow\GreenShadow\target\classes started by Sasa_x in C:\Users\Sasa_x\Documents\AAD-CW\GreenShadow\GreenShadow)
2024-12-04 08:32:55,464 DEBUG [main] org.springframework.boot.StartupInfoLogger: Running with Spring Boot v3.4.0, Spring v6.2.0
2024-12-04 08:32:55,465 INFO [main] org.springframework.boot.SpringApplication: The following 1 profile is active: "dev"
2024-12-04 08:32:56,440 INFO [main] org.springframework.data.repository.config.RepositoryConfigurationDelegate: Bootstrapping Spring Data JPA repositories in DEFAULT mode.
2024-12-04 08:32:56,543 INFO [main] org.springframework.data.repository.config.RepositoryConfigurationDelegate: Finished Spring Data repository scanning in 91 ms. Found 9 JPA repository interfaces.
2024-12-04 08:32:57,301 INFO [main] org.springframework.boot.web.embedded.tomcat.TomcatWebServer: Tomcat initialized with port 8080 (http)
2024-12-04 08:32:57,324 INFO [main] org.apache.juli.logging.DirectJDKLog: Initializing ProtocolHandler ["http-nio-8080"]
2024-12-04 08:32:57,328 INFO [main] org.apache.juli.logging.DirectJDKLog: Starting service [Tomcat]
2024-12-04 08:32:57,328 INFO [main] org.apache.juli.logging.DirectJDKLog: Starting Servlet engine: [Apache Tomcat/10.1.33]
2024-12-04 08:32:57,401 INFO [main] org.apache.juli.logging.DirectJDKLog: Initializing Spring embedded WebApplicationContext
2024-12-04 08:32:57,402 INFO [main] org.springframework.boot.web.servlet.context.ServletWebServerApplicationContext: Root WebApplicationContext: initialization completed in 1881 ms
2024-12-04 08:32:57,586 INFO [main] org.hibernate.jpa.internal.util.LogHelper: HHH000204: Processing PersistenceUnitInfo [name: default]
2024-12-04 08:32:57,646 INFO [main] org.hibernate.Version: HHH000412: Hibernate ORM core version 6.6.2.Final
2024-12-04 08:32:57,679 INFO [main] org.hibernate.cache.internal.RegionFactoryInitiator: HHH000026: Second-level cache disabled
2024-12-04 08:32:58,036 INFO [main] org.springframework.orm.jpa.persistenceunit.SpringPersistenceUnitInfo: No LoadTimeWeaver setup: ignoring JPA class transformer
2024-12-04 08:32:58,068 INFO [main] com.zaxxer.hikari.HikariDataSource: HikariPool-1 - Starting...
2024-12-04 08:32:58,480 INFO [main] com.zaxxer.hikari.pool.HikariPool: HikariPool-1 - Added connection com.mysql.cj.jdbc.ConnectionImpl@2e1ba142
2024-12-04 08:32:58,482 INFO [main] com.zaxxer.hikari.HikariDataSource: HikariPool-1 - Start completed.
2024-12-04 08:32:58,536 WARN [main] org.hibernate.engine.jdbc.dialect.internal.DialectFactoryImpl: HHH90000025: MySQL8Dialect does not need to be specified explicitly using 'hibernate.dialect' (remove the property setting and it will be selected by default)
2024-12-04 08:32:58,538 WARN [main] org.hibernate.engine.jdbc.dialect.internal.DialectFactoryImpl: HHH90000026: MySQL8Dialect has been deprecated; use org.hibernate.dialect.MySQLDialect instead
2024-12-04 08:32:58,561 INFO [main] org.hibernate.engine.jdbc.env.internal.JdbcEnvironmentInitiator: HHH10001005: Database info:
	Database JDBC URL [Connecting through datasource 'HikariDataSource (HikariPool-1)']
	Database driver: undefined/unknown
	Database version: 8.0
	Autocommit mode: undefined/unknown
	Isolation level: undefined/unknown
	Minimum pool size: undefined/unknown
	Maximum pool size: undefined/unknown
2024-12-04 08:32:59,964 INFO [main] org.hibernate.engine.transaction.jta.platform.internal.JtaPlatformInitiator: HHH000489: No JTA platform available (set 'hibernate.transaction.jta.platform' to enable JTA platform integration)
2024-12-04 08:33:00,129 INFO [main] org.springframework.orm.jpa.AbstractEntityManagerFactoryBean: Initialized JPA EntityManagerFactory for persistence unit 'default'
2024-12-04 08:33:00,485 DEBUG [main] org.springframework.web.filter.GenericFilterBean: Filter 'JWTFilter' configured for use
2024-12-04 08:33:00,567 INFO [main] org.springframework.data.jpa.repository.query.QueryEnhancerFactory: Hibernate is in classpath; If applicable, HQL parser will be used.
2024-12-04 08:33:01,321 INFO [main] org.springframework.security.config.annotation.authentication.configuration.InitializeAuthenticationProviderBeanManagerConfigurer$InitializeAuthenticationProviderManagerConfigurer: Global AuthenticationManager configured with AuthenticationProvider bean with name authenticationProvider
2024-12-04 08:33:01,322 WARN [main] org.springframework.security.config.annotation.authentication.configuration.InitializeUserDetailsBeanManagerConfigurer$InitializeUserDetailsManagerConfigurer: Global AuthenticationManager configured with an AuthenticationProvider bean. UserDetailsService beans will not be used by Spring Security for automatically configuring username/password login. Consider removing the AuthenticationProvider bean. Alternatively, consider using the UserDetailsService in a manually instantiated DaoAuthenticationProvider. If the current configuration is intentional, to turn off this warning, increase the logging level of 'org.springframework.security.config.annotation.authentication.configuration.InitializeUserDetailsBeanManagerConfigurer' to ERROR
2024-12-04 08:33:01,351 WARN [main] org.springframework.boot.autoconfigure.orm.jpa.JpaBaseConfiguration$JpaWebConfiguration: spring.jpa.open-in-view is enabled by default. Therefore, database queries may be performed during view rendering. Explicitly configure spring.jpa.open-in-view to disable this warning
2024-12-04 08:33:01,666 WARN [main] org.springframework.web.servlet.resource.ResourceHandlerUtils: Appended trailing slash to static resource location: file:C:\Users\Sasa_x\Documents\AAD-CW\ImgDB\
2024-12-04 08:33:01,986 INFO [main] org.apache.juli.logging.DirectJDKLog: Starting ProtocolHandler ["http-nio-8080"]
2024-12-04 08:33:02,006 INFO [main] org.springframework.boot.web.embedded.tomcat.TomcatWebServer: Tomcat started on port 8080 (http) with context path '/'
2024-12-04 08:33:02,015 INFO [main] org.springframework.boot.StartupInfoLogger: Started GreenShadowApplication in 7.159 seconds (process running for 8.609)
2024-12-04 08:33:37,925 INFO [http-nio-8080-exec-1] org.apache.juli.logging.DirectJDKLog: Initializing Spring DispatcherServlet 'dispatcherServlet'
2024-12-04 08:33:37,926 INFO [http-nio-8080-exec-1] org.springframework.web.servlet.FrameworkServlet: Initializing Servlet 'dispatcherServlet'
2024-12-04 08:33:37,927 INFO [http-nio-8080-exec-1] org.springframework.web.servlet.FrameworkServlet: Completed initialization in 1 ms
2024-12-04 08:33:39,468 WARN [http-nio-8080-exec-1] org.hibernate.engine.jdbc.spi.SqlExceptionHelper: SQL Error: 1048, SQLState: 23000
2024-12-04 08:33:39,469 ERROR [http-nio-8080-exec-1] org.hibernate.engine.jdbc.spi.SqlExceptionHelper: Column 'crop_code' cannot be null
2024-12-04 08:37:52,835 WARN [http-nio-8080-exec-8] org.hibernate.engine.jdbc.spi.SqlExceptionHelper: SQL Error: 1048, SQLState: 23000
2024-12-04 08:37:52,836 ERROR [http-nio-8080-exec-8] org.hibernate.engine.jdbc.spi.SqlExceptionHelper: Column 'crop_code' cannot be null
2024-12-04 08:41:45,810 INFO [SpringApplicationShutdownHook] org.springframework.boot.web.embedded.tomcat.GracefulShutdown: Commencing graceful shutdown. Waiting for active requests to complete
2024-12-04 08:41:45,823 INFO [tomcat-shutdown] org.springframework.boot.web.embedded.tomcat.GracefulShutdown: Graceful shutdown complete
2024-12-04 08:41:45,833 INFO [SpringApplicationShutdownHook] org.springframework.orm.jpa.AbstractEntityManagerFactoryBean: Closing JPA EntityManagerFactory for persistence unit 'default'
2024-12-04 08:41:45,837 INFO [SpringApplicationShutdownHook] com.zaxxer.hikari.HikariDataSource: HikariPool-1 - Shutdown initiated...
2024-12-04 08:41:45,865 INFO [SpringApplicationShutdownHook] com.zaxxer.hikari.HikariDataSource: HikariPool-1 - Shutdown completed.
2024-12-04 08:41:49,986 INFO [background-preinit] org.hibernate.validator.internal.util.Version: HV000001: Hibernate Validator 8.0.1.Final
2024-12-04 08:41:50,067 INFO [main] org.springframework.boot.StartupInfoLogger: Starting GreenShadowApplication using Java 21.0.5 with PID 9832 (C:\Users\Sasa_x\Documents\AAD-CW\GreenShadow\GreenShadow\target\classes started by Sasa_x in C:\Users\Sasa_x\Documents\AAD-CW\GreenShadow\GreenShadow)
2024-12-04 08:41:50,068 DEBUG [main] org.springframework.boot.StartupInfoLogger: Running with Spring Boot v3.4.0, Spring v6.2.0
2024-12-04 08:41:50,069 INFO [main] org.springframework.boot.SpringApplication: The following 1 profile is active: "dev"
2024-12-04 08:41:51,154 INFO [main] org.springframework.data.repository.config.RepositoryConfigurationDelegate: Bootstrapping Spring Data JPA repositories in DEFAULT mode.
2024-12-04 08:41:51,285 INFO [main] org.springframework.data.repository.config.RepositoryConfigurationDelegate: Finished Spring Data repository scanning in 116 ms. Found 9 JPA repository interfaces.
2024-12-04 08:41:52,040 INFO [main] org.springframework.boot.web.embedded.tomcat.TomcatWebServer: Tomcat initialized with port 8080 (http)
2024-12-04 08:41:52,058 INFO [main] org.apache.juli.logging.DirectJDKLog: Initializing ProtocolHandler ["http-nio-8080"]
2024-12-04 08:41:52,061 INFO [main] org.apache.juli.logging.DirectJDKLog: Starting service [Tomcat]
2024-12-04 08:41:52,061 INFO [main] org.apache.juli.logging.DirectJDKLog: Starting Servlet engine: [Apache Tomcat/10.1.33]
2024-12-04 08:41:52,136 INFO [main] org.apache.juli.logging.DirectJDKLog: Initializing Spring embedded WebApplicationContext
2024-12-04 08:41:52,137 INFO [main] org.springframework.boot.web.servlet.context.ServletWebServerApplicationContext: Root WebApplicationContext: initialization completed in 2008 ms
2024-12-04 08:41:52,345 INFO [main] org.hibernate.jpa.internal.util.LogHelper: HHH000204: Processing PersistenceUnitInfo [name: default]
2024-12-04 08:41:52,424 INFO [main] org.hibernate.Version: HHH000412: Hibernate ORM core version 6.6.2.Final
2024-12-04 08:41:52,472 INFO [main] org.hibernate.cache.internal.RegionFactoryInitiator: HHH000026: Second-level cache disabled
2024-12-04 08:41:52,856 INFO [main] org.springframework.orm.jpa.persistenceunit.SpringPersistenceUnitInfo: No LoadTimeWeaver setup: ignoring JPA class transformer
2024-12-04 08:41:52,896 INFO [main] com.zaxxer.hikari.HikariDataSource: HikariPool-1 - Starting...
2024-12-04 08:41:53,376 INFO [main] com.zaxxer.hikari.pool.HikariPool: HikariPool-1 - Added connection com.mysql.cj.jdbc.ConnectionImpl@6f68756d
2024-12-04 08:41:53,379 INFO [main] com.zaxxer.hikari.HikariDataSource: HikariPool-1 - Start completed.
2024-12-04 08:41:53,447 WARN [main] org.hibernate.engine.jdbc.dialect.internal.DialectFactoryImpl: HHH90000025: MySQL8Dialect does not need to be specified explicitly using 'hibernate.dialect' (remove the property setting and it will be selected by default)
2024-12-04 08:41:53,448 WARN [main] org.hibernate.engine.jdbc.dialect.internal.DialectFactoryImpl: HHH90000026: MySQL8Dialect has been deprecated; use org.hibernate.dialect.MySQLDialect instead
2024-12-04 08:41:53,475 INFO [main] org.hibernate.engine.jdbc.env.internal.JdbcEnvironmentInitiator: HHH10001005: Database info:
	Database JDBC URL [Connecting through datasource 'HikariDataSource (HikariPool-1)']
	Database driver: undefined/unknown
	Database version: 8.0
	Autocommit mode: undefined/unknown
	Isolation level: undefined/unknown
	Minimum pool size: undefined/unknown
	Maximum pool size: undefined/unknown
2024-12-04 08:41:55,204 INFO [main] org.hibernate.engine.transaction.jta.platform.internal.JtaPlatformInitiator: HHH000489: No JTA platform available (set 'hibernate.transaction.jta.platform' to enable JTA platform integration)
2024-12-04 08:41:55,360 INFO [main] org.springframework.orm.jpa.AbstractEntityManagerFactoryBean: Initialized JPA EntityManagerFactory for persistence unit 'default'
2024-12-04 08:41:55,775 DEBUG [main] org.springframework.web.filter.GenericFilterBean: Filter 'JWTFilter' configured for use
2024-12-04 08:41:55,877 INFO [main] org.springframework.data.jpa.repository.query.QueryEnhancerFactory: Hibernate is in classpath; If applicable, HQL parser will be used.
2024-12-04 08:41:56,752 INFO [main] org.springframework.security.config.annotation.authentication.configuration.InitializeAuthenticationProviderBeanManagerConfigurer$InitializeAuthenticationProviderManagerConfigurer: Global AuthenticationManager configured with AuthenticationProvider bean with name authenticationProvider
2024-12-04 08:41:56,754 WARN [main] org.springframework.security.config.annotation.authentication.configuration.InitializeUserDetailsBeanManagerConfigurer$InitializeUserDetailsManagerConfigurer: Global AuthenticationManager configured with an AuthenticationProvider bean. UserDetailsService beans will not be used by Spring Security for automatically configuring username/password login. Consider removing the AuthenticationProvider bean. Alternatively, consider using the UserDetailsService in a manually instantiated DaoAuthenticationProvider. If the current configuration is intentional, to turn off this warning, increase the logging level of 'org.springframework.security.config.annotation.authentication.configuration.InitializeUserDetailsBeanManagerConfigurer' to ERROR
2024-12-04 08:41:56,788 WARN [main] org.springframework.boot.autoconfigure.orm.jpa.JpaBaseConfiguration$JpaWebConfiguration: spring.jpa.open-in-view is enabled by default. Therefore, database queries may be performed during view rendering. Explicitly configure spring.jpa.open-in-view to disable this warning
2024-12-04 08:41:57,128 WARN [main] org.springframework.web.servlet.resource.ResourceHandlerUtils: Appended trailing slash to static resource location: file:C:\Users\Sasa_x\Documents\AAD-CW\ImgDB\
2024-12-04 08:41:57,448 INFO [main] org.apache.juli.logging.DirectJDKLog: Starting ProtocolHandler ["http-nio-8080"]
2024-12-04 08:41:57,469 INFO [main] org.springframework.boot.web.embedded.tomcat.TomcatWebServer: Tomcat started on port 8080 (http) with context path '/'
2024-12-04 08:41:57,476 INFO [main] org.springframework.boot.StartupInfoLogger: Started GreenShadowApplication in 7.97 seconds (process running for 9.348)
2024-12-04 08:46:21,541 INFO [SpringApplicationShutdownHook] org.springframework.boot.web.embedded.tomcat.GracefulShutdown: Commencing graceful shutdown. Waiting for active requests to complete
2024-12-04 08:46:21,555 INFO [tomcat-shutdown] org.springframework.boot.web.embedded.tomcat.GracefulShutdown: Graceful shutdown complete
2024-12-04 08:46:21,566 INFO [SpringApplicationShutdownHook] org.springframework.orm.jpa.AbstractEntityManagerFactoryBean: Closing JPA EntityManagerFactory for persistence unit 'default'
2024-12-04 08:46:21,571 INFO [SpringApplicationShutdownHook] com.zaxxer.hikari.HikariDataSource: HikariPool-1 - Shutdown initiated...
2024-12-04 08:46:21,593 INFO [SpringApplicationShutdownHook] com.zaxxer.hikari.HikariDataSource: HikariPool-1 - Shutdown completed.
2024-12-04 08:46:24,693 INFO [background-preinit] org.hibernate.validator.internal.util.Version: HV000001: Hibernate Validator 8.0.1.Final
2024-12-04 08:46:24,768 INFO [main] org.springframework.boot.StartupInfoLogger: Starting GreenShadowApplication using Java 21.0.5 with PID 3564 (C:\Users\Sasa_x\Documents\AAD-CW\GreenShadow\GreenShadow\target\classes started by Sasa_x in C:\Users\Sasa_x\Documents\AAD-CW\GreenShadow\GreenShadow)
2024-12-04 08:46:24,769 DEBUG [main] org.springframework.boot.StartupInfoLogger: Running with Spring Boot v3.4.0, Spring v6.2.0
2024-12-04 08:46:24,770 INFO [main] org.springframework.boot.SpringApplication: The following 1 profile is active: "dev"
2024-12-04 08:46:25,863 INFO [main] org.springframework.data.repository.config.RepositoryConfigurationDelegate: Bootstrapping Spring Data JPA repositories in DEFAULT mode.
2024-12-04 08:46:25,992 INFO [main] org.springframework.data.repository.config.RepositoryConfigurationDelegate: Finished Spring Data repository scanning in 114 ms. Found 9 JPA repository interfaces.
2024-12-04 08:46:26,783 INFO [main] org.springframework.boot.web.embedded.tomcat.TomcatWebServer: Tomcat initialized with port 8080 (http)
2024-12-04 08:46:26,799 INFO [main] org.apache.juli.logging.DirectJDKLog: Initializing ProtocolHandler ["http-nio-8080"]
2024-12-04 08:46:26,802 INFO [main] org.apache.juli.logging.DirectJDKLog: Starting service [Tomcat]
2024-12-04 08:46:26,803 INFO [main] org.apache.juli.logging.DirectJDKLog: Starting Servlet engine: [Apache Tomcat/10.1.33]
2024-12-04 08:46:26,884 INFO [main] org.apache.juli.logging.DirectJDKLog: Initializing Spring embedded WebApplicationContext
2024-12-04 08:46:26,884 INFO [main] org.springframework.boot.web.servlet.context.ServletWebServerApplicationContext: Root WebApplicationContext: initialization completed in 2052 ms
2024-12-04 08:46:27,084 INFO [main] org.hibernate.jpa.internal.util.LogHelper: HHH000204: Processing PersistenceUnitInfo [name: default]
2024-12-04 08:46:27,184 INFO [main] org.hibernate.Version: HHH000412: Hibernate ORM core version 6.6.2.Final
2024-12-04 08:46:27,229 INFO [main] org.hibernate.cache.internal.RegionFactoryInitiator: HHH000026: Second-level cache disabled
2024-12-04 08:46:27,613 INFO [main] org.springframework.orm.jpa.persistenceunit.SpringPersistenceUnitInfo: No LoadTimeWeaver setup: ignoring JPA class transformer
2024-12-04 08:46:27,662 INFO [main] com.zaxxer.hikari.HikariDataSource: HikariPool-1 - Starting...
2024-12-04 08:46:28,134 INFO [main] com.zaxxer.hikari.pool.HikariPool: HikariPool-1 - Added connection com.mysql.cj.jdbc.ConnectionImpl@2d38db6f
2024-12-04 08:46:28,139 INFO [main] com.zaxxer.hikari.HikariDataSource: HikariPool-1 - Start completed.
2024-12-04 08:46:28,203 WARN [main] org.hibernate.engine.jdbc.dialect.internal.DialectFactoryImpl: HHH90000025: MySQL8Dialect does not need to be specified explicitly using 'hibernate.dialect' (remove the property setting and it will be selected by default)
2024-12-04 08:46:28,205 WARN [main] org.hibernate.engine.jdbc.dialect.internal.DialectFactoryImpl: HHH90000026: MySQL8Dialect has been deprecated; use org.hibernate.dialect.MySQLDialect instead
2024-12-04 08:46:28,245 INFO [main] org.hibernate.engine.jdbc.env.internal.JdbcEnvironmentInitiator: HHH10001005: Database info:
	Database JDBC URL [Connecting through datasource 'HikariDataSource (HikariPool-1)']
	Database driver: undefined/unknown
	Database version: 8.0
	Autocommit mode: undefined/unknown
	Isolation level: undefined/unknown
	Minimum pool size: undefined/unknown
	Maximum pool size: undefined/unknown
2024-12-04 08:46:30,001 INFO [main] org.hibernate.engine.transaction.jta.platform.internal.JtaPlatformInitiator: HHH000489: No JTA platform available (set 'hibernate.transaction.jta.platform' to enable JTA platform integration)
2024-12-04 08:46:30,179 INFO [main] org.springframework.orm.jpa.AbstractEntityManagerFactoryBean: Initialized JPA EntityManagerFactory for persistence unit 'default'
2024-12-04 08:46:30,617 DEBUG [main] org.springframework.web.filter.GenericFilterBean: Filter 'JWTFilter' configured for use
2024-12-04 08:46:30,715 INFO [main] org.springframework.data.jpa.repository.query.QueryEnhancerFactory: Hibernate is in classpath; If applicable, HQL parser will be used.
2024-12-04 08:46:31,575 INFO [main] org.springframework.security.config.annotation.authentication.configuration.InitializeAuthenticationProviderBeanManagerConfigurer$InitializeAuthenticationProviderManagerConfigurer: Global AuthenticationManager configured with AuthenticationProvider bean with name authenticationProvider
2024-12-04 08:46:31,576 WARN [main] org.springframework.security.config.annotation.authentication.configuration.InitializeUserDetailsBeanManagerConfigurer$InitializeUserDetailsManagerConfigurer: Global AuthenticationManager configured with an AuthenticationProvider bean. UserDetailsService beans will not be used by Spring Security for automatically configuring username/password login. Consider removing the AuthenticationProvider bean. Alternatively, consider using the UserDetailsService in a manually instantiated DaoAuthenticationProvider. If the current configuration is intentional, to turn off this warning, increase the logging level of 'org.springframework.security.config.annotation.authentication.configuration.InitializeUserDetailsBeanManagerConfigurer' to ERROR
2024-12-04 08:46:31,611 WARN [main] org.springframework.boot.autoconfigure.orm.jpa.JpaBaseConfiguration$JpaWebConfiguration: spring.jpa.open-in-view is enabled by default. Therefore, database queries may be performed during view rendering. Explicitly configure spring.jpa.open-in-view to disable this warning
2024-12-04 08:46:31,949 WARN [main] org.springframework.web.servlet.resource.ResourceHandlerUtils: Appended trailing slash to static resource location: file:C:\Users\Sasa_x\Documents\AAD-CW\ImgDB\
2024-12-04 08:46:32,294 INFO [main] org.apache.juli.logging.DirectJDKLog: Starting ProtocolHandler ["http-nio-8080"]
2024-12-04 08:46:32,315 INFO [main] org.springframework.boot.web.embedded.tomcat.TomcatWebServer: Tomcat started on port 8080 (http) with context path '/'
2024-12-04 08:46:32,324 INFO [main] org.springframework.boot.StartupInfoLogger: Started GreenShadowApplication in 8.128 seconds (process running for 9.406)
2024-12-04 08:46:44,167 INFO [http-nio-8080-exec-2] org.apache.juli.logging.DirectJDKLog: Initializing Spring DispatcherServlet 'dispatcherServlet'
2024-12-04 08:46:44,167 INFO [http-nio-8080-exec-2] org.springframework.web.servlet.FrameworkServlet: Initializing Servlet 'dispatcherServlet'
2024-12-04 08:46:44,169 INFO [http-nio-8080-exec-2] org.springframework.web.servlet.FrameworkServlet: Completed initialization in 1 ms
2024-12-04 08:46:45,575 WARN [http-nio-8080-exec-2] org.hibernate.engine.jdbc.spi.SqlExceptionHelper: SQL Error: 1048, SQLState: 23000
2024-12-04 08:46:45,575 ERROR [http-nio-8080-exec-2] org.hibernate.engine.jdbc.spi.SqlExceptionHelper: Column 'crop_code' cannot be null
2024-12-04 08:48:22,748 INFO [SpringApplicationShutdownHook] org.springframework.boot.web.embedded.tomcat.GracefulShutdown: Commencing graceful shutdown. Waiting for active requests to complete
2024-12-04 08:48:22,762 INFO [tomcat-shutdown] org.springframework.boot.web.embedded.tomcat.GracefulShutdown: Graceful shutdown complete
2024-12-04 08:48:22,772 INFO [SpringApplicationShutdownHook] org.springframework.orm.jpa.AbstractEntityManagerFactoryBean: Closing JPA EntityManagerFactory for persistence unit 'default'
2024-12-04 08:48:22,776 INFO [SpringApplicationShutdownHook] com.zaxxer.hikari.HikariDataSource: HikariPool-1 - Shutdown initiated...
2024-12-04 08:48:22,794 INFO [SpringApplicationShutdownHook] com.zaxxer.hikari.HikariDataSource: HikariPool-1 - Shutdown completed.
2024-12-04 08:48:25,963 INFO [background-preinit] org.hibernate.validator.internal.util.Version: HV000001: Hibernate Validator 8.0.1.Final
2024-12-04 08:48:26,053 INFO [main] org.springframework.boot.StartupInfoLogger: Starting GreenShadowApplication using Java 21.0.5 with PID 11340 (C:\Users\Sasa_x\Documents\AAD-CW\GreenShadow\GreenShadow\target\classes started by Sasa_x in C:\Users\Sasa_x\Documents\AAD-CW\GreenShadow\GreenShadow)
2024-12-04 08:48:26,054 DEBUG [main] org.springframework.boot.StartupInfoLogger: Running with Spring Boot v3.4.0, Spring v6.2.0
2024-12-04 08:48:26,055 INFO [main] org.springframework.boot.SpringApplication: The following 1 profile is active: "dev"
2024-12-04 08:48:27,154 INFO [main] org.springframework.data.repository.config.RepositoryConfigurationDelegate: Bootstrapping Spring Data JPA repositories in DEFAULT mode.
2024-12-04 08:48:27,275 INFO [main] org.springframework.data.repository.config.RepositoryConfigurationDelegate: Finished Spring Data repository scanning in 108 ms. Found 9 JPA repository interfaces.
2024-12-04 08:48:28,013 INFO [main] org.springframework.boot.web.embedded.tomcat.TomcatWebServer: Tomcat initialized with port 8080 (http)
2024-12-04 08:48:28,029 INFO [main] org.apache.juli.logging.DirectJDKLog: Initializing ProtocolHandler ["http-nio-8080"]
2024-12-04 08:48:28,032 INFO [main] org.apache.juli.logging.DirectJDKLog: Starting service [Tomcat]
2024-12-04 08:48:28,032 INFO [main] org.apache.juli.logging.DirectJDKLog: Starting Servlet engine: [Apache Tomcat/10.1.33]
2024-12-04 08:48:28,107 INFO [main] org.apache.juli.logging.DirectJDKLog: Initializing Spring embedded WebApplicationContext
2024-12-04 08:48:28,108 INFO [main] org.springframework.boot.web.servlet.context.ServletWebServerApplicationContext: Root WebApplicationContext: initialization completed in 1990 ms
2024-12-04 08:48:28,289 INFO [main] org.hibernate.jpa.internal.util.LogHelper: HHH000204: Processing PersistenceUnitInfo [name: default]
2024-12-04 08:48:28,387 INFO [main] org.hibernate.Version: HHH000412: Hibernate ORM core version 6.6.2.Final
2024-12-04 08:48:28,434 INFO [main] org.hibernate.cache.internal.RegionFactoryInitiator: HHH000026: Second-level cache disabled
2024-12-04 08:48:28,811 INFO [main] org.springframework.orm.jpa.persistenceunit.SpringPersistenceUnitInfo: No LoadTimeWeaver setup: ignoring JPA class transformer
2024-12-04 08:48:28,853 INFO [main] com.zaxxer.hikari.HikariDataSource: HikariPool-1 - Starting...
2024-12-04 08:48:29,307 INFO [main] com.zaxxer.hikari.pool.HikariPool: HikariPool-1 - Added connection com.mysql.cj.jdbc.ConnectionImpl@173b1af1
2024-12-04 08:48:29,310 INFO [main] com.zaxxer.hikari.HikariDataSource: HikariPool-1 - Start completed.
2024-12-04 08:48:29,389 WARN [main] org.hibernate.engine.jdbc.dialect.internal.DialectFactoryImpl: HHH90000025: MySQL8Dialect does not need to be specified explicitly using 'hibernate.dialect' (remove the property setting and it will be selected by default)
2024-12-04 08:48:29,390 WARN [main] org.hibernate.engine.jdbc.dialect.internal.DialectFactoryImpl: HHH90000026: MySQL8Dialect has been deprecated; use org.hibernate.dialect.MySQLDialect instead
2024-12-04 08:48:29,413 INFO [main] org.hibernate.engine.jdbc.env.internal.JdbcEnvironmentInitiator: HHH10001005: Database info:
	Database JDBC URL [Connecting through datasource 'HikariDataSource (HikariPool-1)']
	Database driver: undefined/unknown
	Database version: 8.0
	Autocommit mode: undefined/unknown
	Isolation level: undefined/unknown
	Minimum pool size: undefined/unknown
	Maximum pool size: undefined/unknown
2024-12-04 08:48:31,138 INFO [main] org.hibernate.engine.transaction.jta.platform.internal.JtaPlatformInitiator: HHH000489: No JTA platform available (set 'hibernate.transaction.jta.platform' to enable JTA platform integration)
2024-12-04 08:48:31,297 INFO [main] org.springframework.orm.jpa.AbstractEntityManagerFactoryBean: Initialized JPA EntityManagerFactory for persistence unit 'default'
2024-12-04 08:48:31,709 DEBUG [main] org.springframework.web.filter.GenericFilterBean: Filter 'JWTFilter' configured for use
2024-12-04 08:48:31,810 INFO [main] org.springframework.data.jpa.repository.query.QueryEnhancerFactory: Hibernate is in classpath; If applicable, HQL parser will be used.
2024-12-04 08:48:32,684 INFO [main] org.springframework.security.config.annotation.authentication.configuration.InitializeAuthenticationProviderBeanManagerConfigurer$InitializeAuthenticationProviderManagerConfigurer: Global AuthenticationManager configured with AuthenticationProvider bean with name authenticationProvider
2024-12-04 08:48:32,685 WARN [main] org.springframework.security.config.annotation.authentication.configuration.InitializeUserDetailsBeanManagerConfigurer$InitializeUserDetailsManagerConfigurer: Global AuthenticationManager configured with an AuthenticationProvider bean. UserDetailsService beans will not be used by Spring Security for automatically configuring username/password login. Consider removing the AuthenticationProvider bean. Alternatively, consider using the UserDetailsService in a manually instantiated DaoAuthenticationProvider. If the current configuration is intentional, to turn off this warning, increase the logging level of 'org.springframework.security.config.annotation.authentication.configuration.InitializeUserDetailsBeanManagerConfigurer' to ERROR
2024-12-04 08:48:32,717 WARN [main] org.springframework.boot.autoconfigure.orm.jpa.JpaBaseConfiguration$JpaWebConfiguration: spring.jpa.open-in-view is enabled by default. Therefore, database queries may be performed during view rendering. Explicitly configure spring.jpa.open-in-view to disable this warning
2024-12-04 08:48:33,050 WARN [main] org.springframework.web.servlet.resource.ResourceHandlerUtils: Appended trailing slash to static resource location: file:C:\Users\Sasa_x\Documents\AAD-CW\ImgDB\
2024-12-04 08:48:33,397 INFO [main] org.apache.juli.logging.DirectJDKLog: Starting ProtocolHandler ["http-nio-8080"]
2024-12-04 08:48:33,417 INFO [main] org.springframework.boot.web.embedded.tomcat.TomcatWebServer: Tomcat started on port 8080 (http) with context path '/'
2024-12-04 08:48:33,426 INFO [main] org.springframework.boot.StartupInfoLogger: Started GreenShadowApplication in 7.93 seconds (process running for 9.261)
2024-12-04 08:55:00,092 INFO [SpringApplicationShutdownHook] org.springframework.boot.web.embedded.tomcat.GracefulShutdown: Commencing graceful shutdown. Waiting for active requests to complete
2024-12-04 08:55:00,106 INFO [tomcat-shutdown] org.springframework.boot.web.embedded.tomcat.GracefulShutdown: Graceful shutdown complete
2024-12-04 08:55:00,116 INFO [SpringApplicationShutdownHook] org.springframework.orm.jpa.AbstractEntityManagerFactoryBean: Closing JPA EntityManagerFactory for persistence unit 'default'
2024-12-04 08:55:00,120 INFO [SpringApplicationShutdownHook] com.zaxxer.hikari.HikariDataSource: HikariPool-1 - Shutdown initiated...
2024-12-04 08:55:00,137 INFO [SpringApplicationShutdownHook] com.zaxxer.hikari.HikariDataSource: HikariPool-1 - Shutdown completed.
